#
# There is insufficient memory for the Java Runtime Environment to continue.
# Native memory allocation (malloc) failed to allocate 32744 bytes for Chunk::new
# Possible reasons:
#   The system is out of physical RAM or swap space
#   The process is running with CompressedOops enabled, and the Java Heap may be blocking the growth of the native heap
# Possible solutions:
#   Reduce memory load on the system
#   Increase physical memory or swap space
#   Check if swap backing store is full
#   Decrease Java heap size (-Xmx/-Xms)
#   Decrease number of Java threads
#   Decrease Java thread stack sizes (-Xss)
#   Set larger code cache with -XX:ReservedCodeCacheSize=
#   JVM is running with Unscaled Compressed Oops mode in which the Java heap is
#     placed in the first 4GB address space. The Java Heap base address is the
#     maximum limit for the native heap growth. Please use -XX:HeapBaseMinAddress
#     to set the Java Heap base and to place the Java Heap above 4GB virtual address.
# This output file may be truncated or incomplete.
#
#  Out of Memory Error (arena.cpp:184), pid=12648, tid=9072
#
# JRE version: Java(TM) SE Runtime Environment (19.0.1+10) (build 19.0.1+10-21)
# Java VM: Java HotSpot(TM) 64-Bit Server VM (19.0.1+10-21, mixed mode, sharing, tiered, compressed oops, compressed class ptrs, g1 gc, windows-amd64)
# No core dump will be written. Minidumps are not enabled by default on client versions of Windows
#

---------------  S U M M A R Y ------------

Command Line: -javaagent:C:\Program Files\JetBrains\IntelliJ IDEA Community Edition 2023.1.1\lib\idea_rt.jar=64917:C:\Program Files\JetBrains\IntelliJ IDEA Community Edition 2023.1.1\bin -Dfile.encoding=UTF-8 -Dsun.stdout.encoding=UTF-8 -Dsun.stderr.encoding=UTF-8 com.project.springboot.cruddemo.CruddemoApplication

Host: Intel(R) Core(TM) i7-8550U CPU @ 1.80GHz, 8 cores, 7G,  Windows 10 , 64 bit Build 19041 (10.0.19041.2913)
Time: Thu May 18 04:41:07 2023 Egypt Daylight Time elapsed time: 69.853522 seconds (0d 0h 1m 9s)

---------------  T H R E A D  ---------------

Current thread (0x0000023c6eb31920):  JavaThread "C2 CompilerThread0" daemon [_thread_in_native, id=9072, stack(0x000000d6b8600000,0x000000d6b8700000)]


Current CompileTask:
C2:  69853 6158       4       org.springframework.core.ResolvableType::forType (115 bytes)

Stack: [0x000000d6b8600000,0x000000d6b8700000]
Native frames: (J=compiled Java code, j=interpreted, Vv=VM code, C=native code)
V  [jvm.dll+0x6ee8fa]
V  [jvm.dll+0x857a1e]
V  [jvm.dll+0x85940e]
V  [jvm.dll+0x859ac3]
V  [jvm.dll+0x28291f]
V  [jvm.dll+0xc9b5f]
V  [jvm.dll+0xc9ee5]
V  [jvm.dll+0x1dd78e]
V  [jvm.dll+0x6cbd84]
V  [jvm.dll+0x397850]
V  [jvm.dll+0x39f9b2]
V  [jvm.dll+0x700acd]
V  [jvm.dll+0x70135e]
V  [jvm.dll+0x7009a1]
V  [jvm.dll+0x6fe883]
V  [jvm.dll+0x1d9eec]
V  [jvm.dll+0x1daa7b]
V  [jvm.dll+0x2f6e9d]
V  [jvm.dll+0x709232]
V  [jvm.dll+0x701356]
V  [jvm.dll+0x7009a1]
V  [jvm.dll+0x6fe883]
V  [jvm.dll+0x1d9eec]
V  [jvm.dll+0x1daa7b]
V  [jvm.dll+0x2f6e9d]
V  [jvm.dll+0x709232]
V  [jvm.dll+0x701356]
V  [jvm.dll+0x7009a1]
V  [jvm.dll+0x6fe883]
V  [jvm.dll+0x1d9eec]
V  [jvm.dll+0x24b223]
V  [jvm.dll+0x1d6d61]
V  [jvm.dll+0x25b0fa]
V  [jvm.dll+0x259588]
V  [jvm.dll+0x807928]
V  [jvm.dll+0x8015fa]
V  [jvm.dll+0x6ed5eb]
C  [ucrtbase.dll+0x21bb2]
C  [KERNEL32.DLL+0x17614]
C  [ntdll.dll+0x526a1]


---------------  P R O C E S S  ---------------

Threads class SMR info:
_java_thread_list=0x0000023c72ecdc50, length=32, elements={
0x0000023c6eb142a0, 0x0000023c6eb15030, 0x0000023c6eb164e0, 0x0000023c6eb16e10,
0x0000023c6eb1bf80, 0x0000023c6eb25cd0, 0x0000023c6eb31920, 0x0000023c6eb36de0,
0x0000023c6eb4adf0, 0x0000023c72dc38b0, 0x0000023c72ff2270, 0x0000023c7328a750,
0x0000023c747151c0, 0x0000023c74d82970, 0x0000023c7562fca0, 0x0000023c750d4650,
0x0000023c763f9e80, 0x0000023c763fa920, 0x0000023c763f93e0, 0x0000023c763f8940,
0x0000023c763fb3c0, 0x0000023c763f83f0, 0x0000023c763f9930, 0x0000023c763f7ea0,
0x0000023c763fae70, 0x0000023c763fa3d0, 0x0000023c7685cf70, 0x0000023c7685d4c0,
0x0000023c7685ef50, 0x0000023c7685a4f0, 0x0000023c7685f9f0, 0x0000023c7685af90
}

Java Threads: ( => current thread )
  0x0000023c6eb142a0 JavaThread "Reference Handler" daemon [_thread_blocked, id=12236, stack(0x000000d6b8000000,0x000000d6b8100000)]
  0x0000023c6eb15030 JavaThread "Finalizer" daemon [_thread_blocked, id=3860, stack(0x000000d6b8100000,0x000000d6b8200000)]
  0x0000023c6eb164e0 JavaThread "Signal Dispatcher" daemon [_thread_blocked, id=7460, stack(0x000000d6b8200000,0x000000d6b8300000)]
  0x0000023c6eb16e10 JavaThread "Attach Listener" daemon [_thread_blocked, id=6192, stack(0x000000d6b8300000,0x000000d6b8400000)]
  0x0000023c6eb1bf80 JavaThread "Service Thread" daemon [_thread_blocked, id=916, stack(0x000000d6b8400000,0x000000d6b8500000)]
  0x0000023c6eb25cd0 JavaThread "Monitor Deflation Thread" daemon [_thread_blocked, id=1776, stack(0x000000d6b8500000,0x000000d6b8600000)]
=>0x0000023c6eb31920 JavaThread "C2 CompilerThread0" daemon [_thread_in_native, id=9072, stack(0x000000d6b8600000,0x000000d6b8700000)]
  0x0000023c6eb36de0 JavaThread "C1 CompilerThread0" daemon [_thread_blocked, id=14732, stack(0x000000d6b8700000,0x000000d6b8800000)]
  0x0000023c6eb4adf0 JavaThread "Sweeper thread" daemon [_thread_blocked, id=3620, stack(0x000000d6b8800000,0x000000d6b8900000)]
  0x0000023c72dc38b0 JavaThread "Common-Cleaner" daemon [_thread_blocked, id=11644, stack(0x000000d6b8900000,0x000000d6b8a00000)]
  0x0000023c72ff2270 JavaThread "Monitor Ctrl-Break" daemon [_thread_in_native, id=7452, stack(0x000000d6b8b00000,0x000000d6b8c00000)]
  0x0000023c7328a750 JavaThread "Notification Thread" daemon [_thread_blocked, id=14568, stack(0x000000d6b8c00000,0x000000d6b8d00000)]
  0x0000023c747151c0 JavaThread "Catalina-utility-1" [_thread_blocked, id=2476, stack(0x000000d6b9900000,0x000000d6b9a00000)]
  0x0000023c74d82970 JavaThread "Catalina-utility-2" [_thread_blocked, id=12184, stack(0x000000d6b9a00000,0x000000d6b9b00000)]
  0x0000023c7562fca0 JavaThread "container-0" [_thread_blocked, id=12244, stack(0x000000d6b9b00000,0x000000d6b9c00000)]
  0x0000023c750d4650 JavaThread "mysql-cj-abandoned-connection-cleanup" daemon [_thread_blocked, id=9572, stack(0x000000d6b9c00000,0x000000d6b9d00000)]
  0x0000023c763f9e80 JavaThread "HikariPool-1 housekeeper" daemon [_thread_blocked, id=13372, stack(0x000000d6b9e00000,0x000000d6b9f00000)]
  0x0000023c763fa920 JavaThread "File Watcher" daemon [_thread_blocked, id=14108, stack(0x000000d6ba000000,0x000000d6ba100000)]
  0x0000023c763f93e0 JavaThread "Live Reload Server" daemon [_thread_in_native, id=5416, stack(0x000000d6ba200000,0x000000d6ba300000)]
  0x0000023c763f8940 JavaThread "http-nio-8080-exec-1" daemon [_thread_blocked, id=3708, stack(0x000000d6ba100000,0x000000d6ba200000)]
  0x0000023c763fb3c0 JavaThread "http-nio-8080-exec-2" daemon [_thread_blocked, id=13048, stack(0x000000d6ba300000,0x000000d6ba400000)]
  0x0000023c763f83f0 JavaThread "http-nio-8080-exec-3" daemon [_thread_blocked, id=15116, stack(0x000000d6ba400000,0x000000d6ba500000)]
  0x0000023c763f9930 JavaThread "http-nio-8080-exec-4" daemon [_thread_blocked, id=6096, stack(0x000000d6ba500000,0x000000d6ba600000)]
  0x0000023c763f7ea0 JavaThread "http-nio-8080-exec-5" daemon [_thread_blocked, id=3228, stack(0x000000d6ba600000,0x000000d6ba700000)]
  0x0000023c763fae70 JavaThread "http-nio-8080-exec-6" daemon [_thread_blocked, id=3608, stack(0x000000d6ba700000,0x000000d6ba800000)]
  0x0000023c763fa3d0 JavaThread "http-nio-8080-exec-7" daemon [_thread_blocked, id=1600, stack(0x000000d6ba800000,0x000000d6ba900000)]
  0x0000023c7685cf70 JavaThread "http-nio-8080-exec-8" daemon [_thread_blocked, id=5368, stack(0x000000d6ba900000,0x000000d6baa00000)]
  0x0000023c7685d4c0 JavaThread "http-nio-8080-exec-9" daemon [_thread_blocked, id=6604, stack(0x000000d6baa00000,0x000000d6bab00000)]
  0x0000023c7685ef50 JavaThread "http-nio-8080-exec-10" daemon [_thread_blocked, id=12168, stack(0x000000d6bab00000,0x000000d6bac00000)]
  0x0000023c7685a4f0 JavaThread "http-nio-8080-Poller" daemon [_thread_in_native, id=6652, stack(0x000000d6bac00000,0x000000d6bad00000)]
  0x0000023c7685f9f0 JavaThread "http-nio-8080-Acceptor" daemon [_thread_in_native, id=13352, stack(0x000000d6bad00000,0x000000d6bae00000)]
  0x0000023c7685af90 JavaThread "DestroyJavaVM" [_thread_blocked, id=12316, stack(0x000000d6b7900000,0x000000d6b7a00000)]

Other Threads:
  0x0000023c6eaf95e0 VMThread "VM Thread" [stack: 0x000000d6b7f00000,0x000000d6b8000000] [id=2636]
  0x0000023c72ff27b0 WatcherThread "VM Periodic Task Thread" [stack: 0x000000d6b8d00000,0x000000d6b8e00000] [id=9956]
  0x0000023c5035c010 WorkerThread "GC Thread#0" [stack: 0x000000d6b7a00000,0x000000d6b7b00000] [id=6688]
  0x0000023c738f8d50 WorkerThread "GC Thread#1" [stack: 0x000000d6b9000000,0x000000d6b9100000] [id=5992]
  0x0000023c738f9020 WorkerThread "GC Thread#2" [stack: 0x000000d6b9100000,0x000000d6b9200000] [id=11932]
  0x0000023c738f92f0 WorkerThread "GC Thread#3" [stack: 0x000000d6b9200000,0x000000d6b9300000] [id=4484]
  0x0000023c738f95c0 WorkerThread "GC Thread#4" [stack: 0x000000d6b9300000,0x000000d6b9400000] [id=2392]
  0x0000023c738f9d10 WorkerThread "GC Thread#5" [stack: 0x000000d6b9400000,0x000000d6b9500000] [id=11648]
  0x0000023c73abb3b0 WorkerThread "GC Thread#6" [stack: 0x000000d6b9600000,0x000000d6b9700000] [id=12508]
  0x0000023c73abbef0 WorkerThread "GC Thread#7" [stack: 0x000000d6b9700000,0x000000d6b9800000] [id=2736]
  0x0000023c5036ce10 ConcurrentGCThread "G1 Main Marker" [stack: 0x000000d6b7b00000,0x000000d6b7c00000] [id=10196]
  0x0000023c5036d840 WorkerThread "G1 Conc#0" [stack: 0x000000d6b7c00000,0x000000d6b7d00000] [id=9100]
  0x0000023c73abb680 WorkerThread "G1 Conc#1" [stack: 0x000000d6b9800000,0x000000d6b9900000] [id=6328]
  0x0000023c6e9b7500 ConcurrentGCThread "G1 Refine#0" [stack: 0x000000d6b7d00000,0x000000d6b7e00000] [id=14168]
  0x0000023c503be190 ConcurrentGCThread "G1 Service" [stack: 0x000000d6b7e00000,0x000000d6b7f00000] [id=3344]

Threads with active compile tasks:
C2 CompilerThread0    69912 6158       4       org.springframework.core.ResolvableType::forType (115 bytes)

VM state: not at safepoint (normal execution)

VM Mutex/Monitor currently owned by a thread: None

Heap address: 0x0000000081800000, size: 2024 MB, Compressed Oops mode: 32-bit

CDS archive(s) mapped at: [0x0000000800000000-0x0000000800c40000-0x0000000800c40000), size 12845056, SharedBaseAddress: 0x0000000800000000, ArchiveRelocationMode: 0.
Compressed class space mapped at: 0x0000000801000000-0x0000000841000000, reserved size: 1073741824
Narrow klass base: 0x0000000800000000, Narrow klass shift: 0, Narrow klass range: 0x100000000

GC Precious Log:
 CardTable entry size: 512
 Card Set container configuration: InlinePtr #cards 5 size 8 Array Of Cards #cards 12 size 40 Howl #buckets 4 coarsen threshold 1843 Howl Bitmap #cards 512 size 80 coarsen threshold 460 Card regions per heap region 1 cards per card region 2048
 CPUs: 8 total, 8 available
 Memory: 8089M
 Large Page Support: Disabled
 NUMA Support: Disabled
 Compressed Oops: Enabled (32-bit)
 Heap Region Size: 1M
 Heap Min Capacity: 8M
 Heap Initial Capacity: 128M
 Heap Max Capacity: 2024M
 Pre-touch: Disabled
 Parallel Workers: 8
 Concurrent Workers: 2
 Concurrent Refinement Workers: 8
 Periodic GC: Disabled

Heap:
 garbage-first heap   total 70656K, used 32493K [0x0000000081800000, 0x0000000100000000)
  region size 1024K, 6 young (6144K), 1 survivors (1024K)
 Metaspace       used 66133K, committed 66880K, reserved 1114112K
  class space    used 8674K, committed 9024K, reserved 1048576K

Heap Regions: E=young(eden), S=young(survivor), O=old, HS=humongous(starts), HC=humongous(continues), CS=collection set, F=free, OA=open archive, CA=closed archive, TAMS=top-at-mark-start (previous, next)
|   0|0x0000000081800000, 0x0000000081900000, 0x0000000081900000|100%|HS|  |TAMS 0x0000000081900000, 0x0000000081800000| Complete 
|   1|0x0000000081900000, 0x0000000081a00000, 0x0000000081a00000|100%| O|  |TAMS 0x0000000081a00000, 0x0000000081900000| Untracked 
|   2|0x0000000081a00000, 0x0000000081b00000, 0x0000000081b00000|100%| O|  |TAMS 0x0000000081b00000, 0x0000000081a00000| Untracked 
|   3|0x0000000081b00000, 0x0000000081c00000, 0x0000000081c00000|100%| O|  |TAMS 0x0000000081c00000, 0x0000000081b00000| Untracked 
|   4|0x0000000081c00000, 0x0000000081d00000, 0x0000000081d00000|100%| O|  |TAMS 0x0000000081d00000, 0x0000000081c00000| Untracked 
|   5|0x0000000081d00000, 0x0000000081e00000, 0x0000000081e00000|100%| O|  |TAMS 0x0000000081e00000, 0x0000000081d00000| Untracked 
|   6|0x0000000081e00000, 0x0000000081f00000, 0x0000000081f00000|100%| O|  |TAMS 0x0000000081f00000, 0x0000000081e00000| Untracked 
|   7|0x0000000081f00000, 0x0000000082000000, 0x0000000082000000|100%| O|  |TAMS 0x0000000082000000, 0x0000000081f00000| Untracked 
|   8|0x0000000082000000, 0x0000000082100000, 0x0000000082100000|100%| O|  |TAMS 0x0000000082100000, 0x0000000082000000| Untracked 
|   9|0x0000000082100000, 0x0000000082200000, 0x0000000082200000|100%| O|  |TAMS 0x0000000082200000, 0x0000000082100000| Untracked 
|  10|0x0000000082200000, 0x0000000082300000, 0x0000000082300000|100%| O|  |TAMS 0x0000000082300000, 0x0000000082200000| Untracked 
|  11|0x0000000082300000, 0x0000000082400000, 0x0000000082400000|100%| O|  |TAMS 0x0000000082400000, 0x0000000082300000| Untracked 
|  12|0x0000000082400000, 0x0000000082500000, 0x0000000082500000|100%| O|  |TAMS 0x0000000082500000, 0x0000000082400000| Untracked 
|  13|0x0000000082500000, 0x0000000082600000, 0x0000000082600000|100%| O|  |TAMS 0x0000000082600000, 0x0000000082500000| Untracked 
|  14|0x0000000082600000, 0x0000000082600000, 0x0000000082700000|  0%| F|  |TAMS 0x0000000082600000, 0x0000000082600000| Untracked 
|  15|0x0000000082700000, 0x0000000082800000, 0x0000000082800000|100%| O|  |TAMS 0x0000000082800000, 0x0000000082700000| Untracked 
|  16|0x0000000082800000, 0x0000000082900000, 0x0000000082900000|100%| O|  |TAMS 0x0000000082900000, 0x0000000082800000| Untracked 
|  17|0x0000000082900000, 0x0000000082a00000, 0x0000000082a00000|100%| O|  |TAMS 0x0000000082a00000, 0x0000000082900000| Untracked 
|  18|0x0000000082a00000, 0x0000000082b00000, 0x0000000082b00000|100%| O|  |TAMS 0x0000000082b00000, 0x0000000082a00000| Untracked 
|  19|0x0000000082b00000, 0x0000000082c00000, 0x0000000082c00000|100%| O|  |TAMS 0x0000000082bbbe00, 0x0000000082b00000| Untracked 
|  20|0x0000000082c00000, 0x0000000082d00000, 0x0000000082d00000|100%| O|  |TAMS 0x0000000082c00000, 0x0000000082c00000| Untracked 
|  21|0x0000000082d00000, 0x0000000082e00000, 0x0000000082e00000|100%| O|  |TAMS 0x0000000082d00000, 0x0000000082d00000| Untracked 
|  22|0x0000000082e00000, 0x0000000082f00000, 0x0000000082f00000|100%| O|  |TAMS 0x0000000082e00000, 0x0000000082e00000| Untracked 
|  23|0x0000000082f00000, 0x0000000083000000, 0x0000000083000000|100%| O|  |TAMS 0x0000000082f00000, 0x0000000082f00000| Untracked 
|  24|0x0000000083000000, 0x0000000083100000, 0x0000000083100000|100%| O|  |TAMS 0x0000000083000000, 0x0000000083000000| Untracked 
|  25|0x0000000083100000, 0x0000000083200000, 0x0000000083200000|100%| O|  |TAMS 0x0000000083100000, 0x0000000083100000| Untracked 
|  26|0x0000000083200000, 0x0000000083300000, 0x0000000083300000|100%| O|  |TAMS 0x0000000083200000, 0x0000000083200000| Untracked 
|  27|0x0000000083300000, 0x0000000083400000, 0x0000000083400000|100%| O|  |TAMS 0x0000000083300000, 0x0000000083300000| Untracked 
|  28|0x0000000083400000, 0x0000000083439000, 0x0000000083500000| 22%| O|  |TAMS 0x0000000083400000, 0x0000000083400000| Untracked 
|  29|0x0000000083500000, 0x0000000083500000, 0x0000000083600000|  0%| F|  |TAMS 0x0000000083500000, 0x0000000083500000| Untracked 
|  30|0x0000000083600000, 0x0000000083600000, 0x0000000083700000|  0%| F|  |TAMS 0x0000000083600000, 0x0000000083600000| Untracked 
|  31|0x0000000083700000, 0x0000000083700000, 0x0000000083800000|  0%| F|  |TAMS 0x0000000083700000, 0x0000000083700000| Untracked 
|  32|0x0000000083800000, 0x0000000083800000, 0x0000000083900000|  0%| F|  |TAMS 0x0000000083800000, 0x0000000083800000| Untracked 
|  33|0x0000000083900000, 0x0000000083900000, 0x0000000083a00000|  0%| F|  |TAMS 0x0000000083900000, 0x0000000083900000| Untracked 
|  34|0x0000000083a00000, 0x0000000083a00000, 0x0000000083b00000|  0%| F|  |TAMS 0x0000000083a00000, 0x0000000083a00000| Untracked 
|  35|0x0000000083b00000, 0x0000000083b00000, 0x0000000083c00000|  0%| F|  |TAMS 0x0000000083b00000, 0x0000000083b00000| Untracked 
|  36|0x0000000083c00000, 0x0000000083c00000, 0x0000000083d00000|  0%| F|  |TAMS 0x0000000083c00000, 0x0000000083c00000| Untracked 
|  37|0x0000000083d00000, 0x0000000083d00000, 0x0000000083e00000|  0%| F|  |TAMS 0x0000000083d00000, 0x0000000083d00000| Untracked 
|  38|0x0000000083e00000, 0x0000000083e00000, 0x0000000083f00000|  0%| F|  |TAMS 0x0000000083e00000, 0x0000000083e00000| Untracked 
|  39|0x0000000083f00000, 0x0000000083f00000, 0x0000000084000000|  0%| F|  |TAMS 0x0000000083f00000, 0x0000000083f00000| Untracked 
|  40|0x0000000084000000, 0x0000000084000000, 0x0000000084100000|  0%| F|  |TAMS 0x0000000084000000, 0x0000000084000000| Untracked 
|  41|0x0000000084100000, 0x0000000084100000, 0x0000000084200000|  0%| F|  |TAMS 0x0000000084100000, 0x0000000084100000| Untracked 
|  42|0x0000000084200000, 0x0000000084200000, 0x0000000084300000|  0%| F|  |TAMS 0x0000000084200000, 0x0000000084200000| Untracked 
|  43|0x0000000084300000, 0x0000000084300000, 0x0000000084400000|  0%| F|  |TAMS 0x0000000084300000, 0x0000000084300000| Untracked 
|  44|0x0000000084400000, 0x0000000084400000, 0x0000000084500000|  0%| F|  |TAMS 0x0000000084400000, 0x0000000084400000| Untracked 
|  45|0x0000000084500000, 0x0000000084500000, 0x0000000084600000|  0%| F|  |TAMS 0x0000000084500000, 0x0000000084500000| Untracked 
|  46|0x0000000084600000, 0x0000000084600000, 0x0000000084700000|  0%| F|  |TAMS 0x0000000084600000, 0x0000000084600000| Untracked 
|  47|0x0000000084700000, 0x0000000084700000, 0x0000000084800000|  0%| F|  |TAMS 0x0000000084700000, 0x0000000084700000| Untracked 
|  48|0x0000000084800000, 0x0000000084800000, 0x0000000084900000|  0%| F|  |TAMS 0x0000000084800000, 0x0000000084800000| Untracked 
|  49|0x0000000084900000, 0x0000000084900000, 0x0000000084a00000|  0%| F|  |TAMS 0x0000000084900000, 0x0000000084900000| Untracked 
|  50|0x0000000084a00000, 0x0000000084a00000, 0x0000000084b00000|  0%| F|  |TAMS 0x0000000084a00000, 0x0000000084a00000| Untracked 
|  51|0x0000000084b00000, 0x0000000084b00000, 0x0000000084c00000|  0%| F|  |TAMS 0x0000000084b00000, 0x0000000084b00000| Untracked 
|  52|0x0000000084c00000, 0x0000000084c00000, 0x0000000084d00000|  0%| F|  |TAMS 0x0000000084c00000, 0x0000000084c00000| Untracked 
|  53|0x0000000084d00000, 0x0000000084d00000, 0x0000000084e00000|  0%| F|  |TAMS 0x0000000084d00000, 0x0000000084d00000| Untracked 
|  54|0x0000000084e00000, 0x0000000084e00000, 0x0000000084f00000|  0%| F|  |TAMS 0x0000000084e00000, 0x0000000084e00000| Untracked 
|  55|0x0000000084f00000, 0x0000000084f00000, 0x0000000085000000|  0%| F|  |TAMS 0x0000000084f00000, 0x0000000084f00000| Untracked 
|  56|0x0000000085000000, 0x0000000085000000, 0x0000000085100000|  0%| F|  |TAMS 0x0000000085000000, 0x0000000085000000| Untracked 
|  57|0x0000000085100000, 0x0000000085100000, 0x0000000085200000|  0%| F|  |TAMS 0x0000000085100000, 0x0000000085100000| Untracked 
|  58|0x0000000085200000, 0x0000000085200000, 0x0000000085300000|  0%| F|  |TAMS 0x0000000085200000, 0x0000000085200000| Untracked 
|  59|0x0000000085300000, 0x0000000085300000, 0x0000000085400000|  0%| F|  |TAMS 0x0000000085300000, 0x0000000085300000| Untracked 
|  60|0x0000000085400000, 0x0000000085400000, 0x0000000085500000|  0%| F|  |TAMS 0x0000000085400000, 0x0000000085400000| Untracked 
|  61|0x0000000085500000, 0x0000000085500000, 0x0000000085600000|  0%| F|  |TAMS 0x0000000085500000, 0x0000000085500000| Untracked 
|  77|0x0000000086500000, 0x0000000086500000, 0x0000000086600000|  0%| F|  |TAMS 0x0000000086500000, 0x0000000086500000| Untracked 
|  78|0x0000000086600000, 0x000000008662ae88, 0x0000000086700000| 16%| E|  |TAMS 0x0000000086600000, 0x0000000086600000| Complete 
|  79|0x0000000086700000, 0x0000000086800000, 0x0000000086800000|100%| E|CS|TAMS 0x0000000086700000, 0x0000000086700000| Complete 
|  80|0x0000000086800000, 0x0000000086900000, 0x0000000086900000|100%| E|CS|TAMS 0x0000000086800000, 0x0000000086800000| Complete 
|  81|0x0000000086900000, 0x0000000086a00000, 0x0000000086a00000|100%| E|CS|TAMS 0x0000000086900000, 0x0000000086900000| Complete 
|  82|0x0000000086a00000, 0x0000000086a82540, 0x0000000086b00000| 50%| S|CS|TAMS 0x0000000086a00000, 0x0000000086a00000| Complete 
| 127|0x0000000089700000, 0x0000000089800000, 0x0000000089800000|100%| E|CS|TAMS 0x0000000089700000, 0x0000000089700000| Complete 

Card table byte_map: [0x0000023c67990000,0x0000023c67d90000] _byte_map_base: 0x0000023c67584000

Marking Bits (Prev, Next): (CMBitMap*) 0x0000023c5035c680, (CMBitMap*) 0x0000023c5035c640
 Prev Bits: [0x0000023c6a130000, 0x0000023c6c0d0000)
 Next Bits: [0x0000023c68190000, 0x0000023c6a130000)

Polling page: 0x0000023c4e0f0000

Metaspace:

Usage:
  Non-class:     56.11 MB used.
      Class:      8.47 MB used.
       Both:     64.58 MB used.

Virtual space:
  Non-class space:       64.00 MB reserved,      56.50 MB ( 88%) committed,  1 nodes.
      Class space:        1.00 GB reserved,       8.81 MB ( <1%) committed,  1 nodes.
             Both:        1.06 GB reserved,      65.31 MB (  6%) committed. 

Chunk freelists:
   Non-Class:  2.61 MB
       Class:  3.01 MB
        Both:  5.62 MB

MaxMetaspaceSize: unlimited
CompressedClassSpaceSize: 1.00 GB
Initial GC threshold: 21.00 MB
Current GC threshold: 98.56 MB
CDS: on
MetaspaceReclaimPolicy: balanced
 - commit_granule_bytes: 65536.
 - commit_granule_words: 8192.
 - virtual_space_node_default_size: 8388608.
 - enlarge_chunks_in_place: 1.
 - new_chunks_are_fully_committed: 0.
 - uncommit_free_chunks: 1.
 - use_allocation_guard: 0.


Internal statistics:

num_allocs_failed_limit: 9.
num_arena_births: 982.
num_arena_deaths: 0.
num_vsnodes_births: 2.
num_vsnodes_deaths: 0.
num_space_committed: 1045.
num_space_uncommitted: 0.
num_chunks_returned_to_freelist: 9.
num_chunks_taken_from_freelist: 3240.
num_chunk_merges: 9.
num_chunk_splits: 2359.
num_chunks_enlarged: 1904.
num_inconsistent_stats: 0.

CodeHeap 'non-profiled nmethods': size=120000Kb used=3725Kb max_used=3725Kb free=116274Kb
 bounds [0x0000023c5fd30000, 0x0000023c600e0000, 0x0000023c67260000]
CodeHeap 'profiled nmethods': size=120000Kb used=10641Kb max_used=10704Kb free=109359Kb
 bounds [0x0000023c58260000, 0x0000023c58ce0000, 0x0000023c5f790000]
CodeHeap 'non-nmethods': size=5760Kb used=1440Kb max_used=1593Kb free=4319Kb
 bounds [0x0000023c5f790000, 0x0000023c5fa00000, 0x0000023c5fd30000]
 total_blobs=5970 nmethods=5282 adapters=598
 compilation: enabled
              stopped_count=0, restarted_count=0
 full_count=0

Compilation events (20 events):
Event: 69.830 Thread 0x0000023c6eb31920 6158       4       org.springframework.core.ResolvableType::forType (115 bytes)
Event: 69.831 Thread 0x0000023c6eb36de0 nmethod 6162 0x0000023c58cd4210 code [0x0000023c58cd4c20, 0x0000023c58cdb328]
Event: 69.831 Thread 0x0000023c6eb36de0 6160       1       com.fasterxml.jackson.core.util.DefaultIndenter::isInline (2 bytes)
Event: 69.831 Thread 0x0000023c6eb36de0 nmethod 6160 0x0000023c600d1a90 code [0x0000023c600d1c20, 0x0000023c600d1cf8]
Event: 69.831 Thread 0x0000023c6eb36de0 6165       1       org.springframework.hateoas.StringLinkRelation::value (5 bytes)
Event: 69.831 Thread 0x0000023c6eb36de0 nmethod 6165 0x0000023c600d1d90 code [0x0000023c600d1f20, 0x0000023c600d1fd8]
Event: 69.831 Thread 0x0000023c6eb36de0 6170       1       org.apache.tomcat.util.http.MimeHeaderField::getValue (5 bytes)
Event: 69.831 Thread 0x0000023c6eb36de0 nmethod 6170 0x0000023c600d2090 code [0x0000023c600d2220, 0x0000023c600d22d8]
Event: 69.831 Thread 0x0000023c6eb36de0 6168       1       com.fasterxml.jackson.core.io.SerializedString::getValue (5 bytes)
Event: 69.831 Thread 0x0000023c6eb36de0 nmethod 6168 0x0000023c600d2390 code [0x0000023c600d2520, 0x0000023c600d25d8]
Event: 69.831 Thread 0x0000023c6eb36de0 6166       1       org.springframework.context.MessageSourceResolvable::getArguments (2 bytes)
Event: 69.831 Thread 0x0000023c6eb36de0 nmethod 6166 0x0000023c600d2690 code [0x0000023c600d2820, 0x0000023c600d28f8]
Event: 69.831 Thread 0x0000023c6eb36de0 6167       1       org.springframework.context.support.MessageSourceSupport::isAlwaysUseMessageFormat (5 bytes)
Event: 69.831 Thread 0x0000023c6eb36de0 nmethod 6167 0x0000023c600d2990 code [0x0000023c600d2b20, 0x0000023c600d2bf8]
Event: 69.831 Thread 0x0000023c6eb36de0 6169       1       com.fasterxml.jackson.databind.SerializerProvider::getActiveView (5 bytes)
Event: 69.831 Thread 0x0000023c6eb36de0 nmethod 6169 0x0000023c600d2c90 code [0x0000023c600d2e20, 0x0000023c600d2ed8]
Event: 69.831 Thread 0x0000023c6eb36de0 6153       1       org.springframework.data.domain.Pageable::isPaged (2 bytes)
Event: 69.831 Thread 0x0000023c6eb36de0 nmethod 6153 0x0000023c600d2f90 code [0x0000023c600d3120, 0x0000023c600d31f8]
Event: 69.831 Thread 0x0000023c6eb36de0 6154       1       org.springframework.web.util.HierarchicalUriComponents::getHost (5 bytes)
Event: 69.831 Thread 0x0000023c6eb36de0 nmethod 6154 0x0000023c600d3290 code [0x0000023c600d3420, 0x0000023c600d34d8]

GC Heap History (20 events):
Event: 3.849 GC heap before
{Heap before GC invocations=6 (full 0):
 garbage-first heap   total 48128K, used 32920K [0x0000000081800000, 0x0000000100000000)
  region size 1024K, 19 young (19456K), 1 survivors (1024K)
 Metaspace       used 28835K, committed 29248K, reserved 1114112K
  class space    used 3533K, committed 3712K, reserved 1048576K
}
Event: 3.853 GC heap after
{Heap after GC invocations=7 (full 0):
 garbage-first heap   total 48128K, used 16637K [0x0000000081800000, 0x0000000100000000)
  region size 1024K, 2 young (2048K), 2 survivors (2048K)
 Metaspace       used 28835K, committed 29248K, reserved 1114112K
  class space    used 3533K, committed 3712K, reserved 1048576K
}
Event: 4.260 GC heap before
{Heap before GC invocations=7 (full 0):
 garbage-first heap   total 48128K, used 25853K [0x0000000081800000, 0x0000000100000000)
  region size 1024K, 13 young (13312K), 2 survivors (2048K)
 Metaspace       used 35562K, committed 35968K, reserved 1114112K
  class space    used 4285K, committed 4480K, reserved 1048576K
}
Event: 4.263 GC heap after
{Heap after GC invocations=8 (full 0):
 garbage-first heap   total 48128K, used 18282K [0x0000000081800000, 0x0000000100000000)
  region size 1024K, 2 young (2048K), 2 survivors (2048K)
 Metaspace       used 35562K, committed 35968K, reserved 1114112K
  class space    used 4285K, committed 4480K, reserved 1048576K
}
Event: 4.684 GC heap before
{Heap before GC invocations=9 (full 0):
 garbage-first heap   total 48128K, used 35690K [0x0000000081800000, 0x0000000100000000)
  region size 1024K, 19 young (19456K), 2 survivors (2048K)
 Metaspace       used 39681K, committed 40192K, reserved 1114112K
  class space    used 4843K, committed 5056K, reserved 1048576K
}
Event: 4.687 GC heap after
{Heap after GC invocations=10 (full 0):
 garbage-first heap   total 48128K, used 19652K [0x0000000081800000, 0x0000000100000000)
  region size 1024K, 2 young (2048K), 2 survivors (2048K)
 Metaspace       used 39681K, committed 40192K, reserved 1114112K
  class space    used 4843K, committed 5056K, reserved 1048576K
}
Event: 4.706 GC heap before
{Heap before GC invocations=10 (full 0):
 garbage-first heap   total 48128K, used 20676K [0x0000000081800000, 0x0000000100000000)
  region size 1024K, 3 young (3072K), 2 survivors (2048K)
 Metaspace       used 39905K, committed 40448K, reserved 1114112K
  class space    used 4877K, committed 5120K, reserved 1048576K
}
Event: 4.708 GC heap after
{Heap after GC invocations=11 (full 0):
 garbage-first heap   total 48128K, used 19602K [0x0000000081800000, 0x0000000100000000)
  region size 1024K, 1 young (1024K), 1 survivors (1024K)
 Metaspace       used 39905K, committed 40448K, reserved 1114112K
  class space    used 4877K, committed 5120K, reserved 1048576K
}
Event: 5.050 GC heap before
{Heap before GC invocations=11 (full 0):
 garbage-first heap   total 48128K, used 34962K [0x0000000081800000, 0x0000000100000000)
  region size 1024K, 17 young (17408K), 1 survivors (1024K)
 Metaspace       used 44735K, committed 45248K, reserved 1114112K
  class space    used 5559K, committed 5760K, reserved 1048576K
}
Event: 5.052 GC heap after
{Heap after GC invocations=12 (full 0):
 garbage-first heap   total 70656K, used 20249K [0x0000000081800000, 0x0000000100000000)
  region size 1024K, 1 young (1024K), 1 survivors (1024K)
 Metaspace       used 44735K, committed 45248K, reserved 1114112K
  class space    used 5559K, committed 5760K, reserved 1048576K
}
Event: 5.842 GC heap before
{Heap before GC invocations=12 (full 0):
 garbage-first heap   total 70656K, used 53017K [0x0000000081800000, 0x0000000100000000)
  region size 1024K, 34 young (34816K), 1 survivors (1024K)
 Metaspace       used 53894K, committed 54464K, reserved 1114112K
  class space    used 6952K, committed 7232K, reserved 1048576K
}
Event: 5.846 GC heap after
{Heap after GC invocations=13 (full 0):
 garbage-first heap   total 70656K, used 22500K [0x0000000081800000, 0x0000000100000000)
  region size 1024K, 4 young (4096K), 4 survivors (4096K)
 Metaspace       used 53894K, committed 54464K, reserved 1114112K
  class space    used 6952K, committed 7232K, reserved 1048576K
}
Event: 6.573 GC heap before
{Heap before GC invocations=13 (full 0):
 garbage-first heap   total 70656K, used 54244K [0x0000000081800000, 0x0000000100000000)
  region size 1024K, 35 young (35840K), 4 survivors (4096K)
 Metaspace       used 58759K, committed 59392K, reserved 1114112K
  class space    used 7630K, committed 7936K, reserved 1048576K
}
Event: 6.579 GC heap after
{Heap after GC invocations=14 (full 0):
 garbage-first heap   total 70656K, used 25327K [0x0000000081800000, 0x0000000100000000)
  region size 1024K, 5 young (5120K), 5 survivors (5120K)
 Metaspace       used 58759K, committed 59392K, reserved 1114112K
  class space    used 7630K, committed 7936K, reserved 1048576K
}
Event: 6.810 GC heap before
{Heap before GC invocations=14 (full 0):
 garbage-first heap   total 70656K, used 33519K [0x0000000081800000, 0x0000000100000000)
  region size 1024K, 14 young (14336K), 5 survivors (5120K)
 Metaspace       used 59838K, committed 60416K, reserved 1114112K
  class space    used 7767K, committed 8064K, reserved 1048576K
}
Event: 6.815 GC heap after
{Heap after GC invocations=15 (full 0):
 garbage-first heap   total 70656K, used 26572K [0x0000000081800000, 0x0000000100000000)
  region size 1024K, 2 young (2048K), 2 survivors (2048K)
 Metaspace       used 59838K, committed 60416K, reserved 1114112K
  class space    used 7767K, committed 8064K, reserved 1048576K
}
Event: 37.459 GC heap before
{Heap before GC invocations=16 (full 0):
 garbage-first heap   total 70656K, used 53196K [0x0000000081800000, 0x0000000100000000)
  region size 1024K, 29 young (29696K), 2 survivors (2048K)
 Metaspace       used 65313K, committed 66048K, reserved 1114112K
  class space    used 8579K, committed 8960K, reserved 1048576K
}
Event: 37.463 GC heap after
{Heap after GC invocations=17 (full 0):
 garbage-first heap   total 70656K, used 28200K [0x0000000081800000, 0x0000000100000000)
  region size 1024K, 3 young (3072K), 3 survivors (3072K)
 Metaspace       used 65313K, committed 66048K, reserved 1114112K
  class space    used 8579K, committed 8960K, reserved 1048576K
}
Event: 37.491 GC heap before
{Heap before GC invocations=17 (full 0):
 garbage-first heap   total 70656K, used 29224K [0x0000000081800000, 0x0000000100000000)
  region size 1024K, 4 young (4096K), 3 survivors (3072K)
 Metaspace       used 65482K, committed 66240K, reserved 1114112K
  class space    used 8605K, committed 8960K, reserved 1048576K
}
Event: 37.495 GC heap after
{Heap after GC invocations=18 (full 0):
 garbage-first heap   total 70656K, used 28397K [0x0000000081800000, 0x0000000100000000)
  region size 1024K, 1 young (1024K), 1 survivors (1024K)
 Metaspace       used 65482K, committed 66240K, reserved 1114112K
  class space    used 8605K, committed 8960K, reserved 1048576K
}

Dll operation events (14 events):
Event: 0.009 Loaded shared library C:\Program Files\Java\jdk-19\bin\java.dll
Event: 0.024 Loaded shared library C:\Program Files\Java\jdk-19\bin\jsvml.dll
Event: 0.138 Loaded shared library C:\Program Files\Java\jdk-19\bin\zip.dll
Event: 0.142 Loaded shared library C:\Program Files\Java\jdk-19\bin\instrument.dll
Event: 0.147 Loaded shared library C:\Program Files\Java\jdk-19\bin\net.dll
Event: 0.149 Loaded shared library C:\Program Files\Java\jdk-19\bin\nio.dll
Event: 0.151 Loaded shared library C:\Program Files\Java\jdk-19\bin\zip.dll
Event: 0.247 Loaded shared library C:\Program Files\JetBrains\IntelliJ IDEA Community Edition 2023.1.1\bin\breakgen64.dll
Event: 0.260 Loaded shared library C:\Program Files\Java\jdk-19\bin\extnet.dll
Event: 0.290 Loaded shared library C:\Program Files\Java\jdk-19\bin\jimage.dll
Event: 0.630 Loaded shared library C:\Program Files\Java\jdk-19\bin\management.dll
Event: 0.633 Loaded shared library C:\Program Files\Java\jdk-19\bin\management_ext.dll
Event: 1.223 Loaded shared library C:\Program Files\Java\jdk-19\bin\verify.dll
Event: 3.462 Loaded shared library C:\Program Files\Java\jdk-19\bin\sunmscapi.dll

Deoptimization events (20 events):
Event: 37.531 Thread 0x0000023c763fb3c0 DEOPT PACKING pc=0x0000023c5ff09238 sp=0x000000d6ba3fcd10
Event: 37.531 Thread 0x0000023c763fb3c0 DEOPT UNPACKING pc=0x0000023c5f7f6da3 sp=0x000000d6ba3fcc88 mode 2
Event: 37.559 Thread 0x0000023c763fb3c0 DEOPT PACKING pc=0x0000023c588a61b0 sp=0x000000d6ba3fbe30
Event: 37.559 Thread 0x0000023c763fb3c0 DEOPT UNPACKING pc=0x0000023c5f7f7543 sp=0x000000d6ba3fb3d0 mode 0
Event: 37.560 Thread 0x0000023c763fb3c0 Uncommon trap: trap_request=0xffffff45 fr.pc=0x0000023c5fea5870 relative=0x0000000000000210
Event: 37.560 Thread 0x0000023c763fb3c0 Uncommon trap: reason=unstable_if action=reinterpret pc=0x0000023c5fea5870 method=org.springframework.beans.factory.support.AbstractAutowireCapableBeanFactory.determineTargetType(Ljava/lang/String;Lorg/springframework/beans/factory/support/RootBeanDefinit
Event: 37.560 Thread 0x0000023c763fb3c0 DEOPT PACKING pc=0x0000023c5fea5870 sp=0x000000d6ba3fc060
Event: 37.560 Thread 0x0000023c763fb3c0 DEOPT UNPACKING pc=0x0000023c5f7f6da3 sp=0x000000d6ba3fc048 mode 2
Event: 37.608 Thread 0x0000023c763fb3c0 Uncommon trap: trap_request=0xffffff45 fr.pc=0x0000023c5fe49044 relative=0x00000000000000c4
Event: 37.608 Thread 0x0000023c763fb3c0 Uncommon trap: reason=unstable_if action=reinterpret pc=0x0000023c5fe49044 method=java.lang.Integer.stringSize(I)I @ 19 c2
Event: 37.608 Thread 0x0000023c763fb3c0 DEOPT PACKING pc=0x0000023c5fe49044 sp=0x000000d6ba3fc2e0
Event: 37.608 Thread 0x0000023c763fb3c0 DEOPT UNPACKING pc=0x0000023c5f7f6da3 sp=0x000000d6ba3fc260 mode 2
Event: 54.299 Thread 0x0000023c763f83f0 Uncommon trap: trap_request=0xffffffde fr.pc=0x0000023c5fd6397c relative=0x00000000000008fc
Event: 54.299 Thread 0x0000023c763f83f0 Uncommon trap: reason=class_check action=maybe_recompile pc=0x0000023c5fd6397c method=org.springframework.util.ConcurrentReferenceHashMap$ReferenceManager.pollForPurge()Lorg/springframework/util/ConcurrentReferenceHashMap$Reference; @ 7 c2
Event: 54.299 Thread 0x0000023c763f83f0 DEOPT PACKING pc=0x0000023c5fd6397c sp=0x000000d6ba4fd780
Event: 54.299 Thread 0x0000023c763f83f0 DEOPT UNPACKING pc=0x0000023c5f7f6da3 sp=0x000000d6ba4fd510 mode 2
Event: 54.303 Thread 0x0000023c763f83f0 Uncommon trap: trap_request=0xffffffde fr.pc=0x0000023c5fd6397c relative=0x00000000000008fc
Event: 54.303 Thread 0x0000023c763f83f0 Uncommon trap: reason=class_check action=maybe_recompile pc=0x0000023c5fd6397c method=org.springframework.util.ConcurrentReferenceHashMap$ReferenceManager.pollForPurge()Lorg/springframework/util/ConcurrentReferenceHashMap$Reference; @ 7 c2
Event: 54.303 Thread 0x0000023c763f83f0 DEOPT PACKING pc=0x0000023c5fd6397c sp=0x000000d6ba4fd480
Event: 54.303 Thread 0x0000023c763f83f0 DEOPT UNPACKING pc=0x0000023c5f7f6da3 sp=0x000000d6ba4fd210 mode 2

Classes loaded (20 events):
Event: 37.108 Loading class java/util/regex/Pattern$Bound
Event: 37.109 Loading class java/util/regex/Pattern$Bound done
Event: 37.110 Loading class java/util/regex/Pattern$Behind
Event: 37.110 Loading class java/util/regex/Pattern$Behind done
Event: 37.262 Loading class java/util/AbstractMap$SimpleEntry
Event: 37.263 Loading class java/util/AbstractMap$SimpleEntry done
Event: 37.375 Loading class java/util/function/LongSupplier
Event: 37.375 Loading class java/util/function/LongSupplier done
Event: 37.447 Loading class java/time/format/DateTimeFormatterBuilder$ZoneTextPrinterParser
Event: 37.447 Loading class java/time/format/DateTimeFormatterBuilder$ZoneTextPrinterParser done
Event: 37.447 Loading class java/time/format/DateTimeFormatterBuilder$ReducedPrinterParser
Event: 37.447 Loading class java/time/format/DateTimeFormatterBuilder$ReducedPrinterParser done
Event: 37.456 Loading class java/util/stream/LongStream
Event: 37.457 Loading class java/util/stream/LongStream done
Event: 37.457 Loading class java/util/stream/DoubleStream
Event: 37.457 Loading class java/util/stream/DoubleStream done
Event: 37.479 Loading class org/w3c/dom/Node
Event: 37.479 Loading class org/w3c/dom/Node done
Event: 37.479 Loading class org/w3c/dom/Document
Event: 37.479 Loading class org/w3c/dom/Document done

Classes unloaded (0 events):
No events

Classes redefined (0 events):
No events

Internal exceptions (20 events):
Event: 6.778 Thread 0x0000023c7386cdf0 Implicit null exception at 0x0000023c5fe71560 to 0x0000023c5fe7176c
Event: 6.778 Thread 0x0000023c7386cdf0 Implicit null exception at 0x0000023c5fd82d60 to 0x0000023c5fd82f70
Event: 6.876 Thread 0x0000023c7386cdf0 Exception <a 'java/lang/NoSuchMethodError'{0x0000000086ace7a8}: 'java.lang.Object java.lang.invoke.DirectMethodHandle$Holder.invokeVirtual(java.lang.Object, java.lang.Object, java.lang.Object, java.lang.Object, java.lang.Object, java.lang.Object, java.lang.Object, java.lang.Object, java.lang.Object)'> (0x0000000086ace7a8) 
thrown [s\open\src\hotspot\share\interpreter\linkResolver.cpp, line 774]
Event: 7.009 Thread 0x0000023c7386cdf0 Exception <a 'java/lang/NoSuchMethodError'{0x0000000085599488}: 'java.lang.Object java.lang.invoke.DirectMethodHandle$Holder.newInvokeSpecial(java.lang.Object, java.lang.Object, int, java.lang.Object, java.lang.Object)'> (0x0000000085599488) 
thrown [s\open\src\hotspot\share\interpreter\linkResolver.cpp, line 774]
Event: 7.011 Thread 0x0000023c7386cdf0 Exception <a 'java/lang/NoSuchMethodError'{0x00000000855a6ca0}: 'java.lang.Object java.lang.invoke.DirectMethodHandle$Holder.invokeSpecial(java.lang.Object, java.lang.Object, int, java.lang.Object, int, java.lang.Object)'> (0x00000000855a6ca0) 
thrown [s\open\src\hotspot\share\interpreter\linkResolver.cpp, line 774]
Event: 7.011 Thread 0x0000023c7386cdf0 Exception <a 'java/lang/NoSuchMethodError'{0x00000000855aed38}: 'java.lang.Object java.lang.invoke.DirectMethodHandle$Holder.newInvokeSpecial(java.lang.Object, java.lang.Object, int, java.lang.Object, int)'> (0x00000000855aed38) 
thrown [s\open\src\hotspot\share\interpreter\linkResolver.cpp, line 774]
Event: 7.012 Thread 0x0000023c7386cdf0 Exception <a 'java/lang/NoSuchMethodError'{0x00000000855b2e50}: 'java.lang.Object java.lang.invoke.DirectMethodHandle$Holder.invokeSpecial(java.lang.Object, java.lang.Object, java.lang.Object, int, java.lang.Object, int)'> (0x00000000855b2e50) 
thrown [s\open\src\hotspot\share\interpreter\linkResolver.cpp, line 774]
Event: 7.063 Thread 0x0000023c502fc8e0 Exception <a 'java/lang/NoSuchMethodError'{0x0000000085003328}: 'int java.lang.invoke.DirectMethodHandle$Holder.invokeSpecialIFC(java.lang.Object, java.lang.Object, java.lang.Object)'> (0x0000000085003328) 
thrown [s\open\src\hotspot\share\interpreter\linkResolver.cpp, line 774]
Event: 36.727 Thread 0x0000023c763f8940 Exception <a 'java/lang/NoSuchMethodError'{0x0000000084e99a80}: 'java.lang.Object java.lang.invoke.DirectMethodHandle$Holder.invokeSpecial(java.lang.Object, java.lang.Object, java.lang.Object, java.lang.Object, java.lang.Object, long)'> (0x0000000084e99a80) 
thrown [s\open\src\hotspot\share\interpreter\linkResolver.cpp, line 774]
Event: 36.727 Thread 0x0000023c763f8940 Exception <a 'java/lang/NoSuchMethodError'{0x0000000084e9d4d0}: 'java.lang.Object java.lang.invoke.Invokers$Holder.linkToTargetMethod(java.lang.Object, java.lang.Object, java.lang.Object, long, java.lang.Object)'> (0x0000000084e9d4d0) 
thrown [s\open\src\hotspot\share\interpreter\linkResolver.cpp, line 774]
Event: 36.992 Thread 0x0000023c763fb3c0 Exception <a 'java/lang/NoSuchMethodError'{0x000000008495ee58}: 'void java.lang.invoke.DirectMethodHandle$Holder.invokeSpecial(java.lang.Object, java.lang.Object, java.lang.Object, java.lang.Object, int, java.lang.Object, java.lang.Object, java.lang.Object)'> (0x000000008495ee58) 
thrown [s\open\src\hotspot\share\interpreter\linkResolver.cpp, line 774]
Event: 36.993 Thread 0x0000023c763fb3c0 Exception <a 'java/lang/NoSuchMethodError'{0x0000000084969510}: 'java.lang.Object java.lang.invoke.DirectMethodHandle$Holder.newInvokeSpecial(java.lang.Object, java.lang.Object, java.lang.Object, java.lang.Object, int, java.lang.Object)'> (0x0000000084969510) 
thrown [s\open\src\hotspot\share\interpreter\linkResolver.cpp, line 774]
Event: 36.994 Thread 0x0000023c763fb3c0 Exception <a 'java/lang/NoSuchMethodError'{0x000000008496db48}: 'java.lang.Object java.lang.invoke.DirectMethodHandle$Holder.invokeSpecial(java.lang.Object, java.lang.Object, java.lang.Object, java.lang.Object, java.lang.Object, int, java.lang.Object)'> (0x000000008496db48) 
thrown [s\open\src\hotspot\share\interpreter\linkResolver.cpp, line 774]
Event: 36.994 Thread 0x0000023c763fb3c0 Exception <a 'java/lang/NoSuchMethodError'{0x00000000849719e0}: 'java.lang.Object java.lang.invoke.Invokers$Holder.linkToTargetMethod(java.lang.Object, java.lang.Object, java.lang.Object, int, java.lang.Object, java.lang.Object)'> (0x00000000849719e0) 
thrown [s\open\src\hotspot\share\interpreter\linkResolver.cpp, line 774]
Event: 37.204 Thread 0x0000023c763fb3c0 Exception <a 'java/lang/NoSuchMethodError'{0x00000000846ed320}: 'java.lang.Object java.lang.invoke.DirectMethodHandle$Holder.invokeInterface(java.lang.Object, java.lang.Object, java.lang.Object, java.lang.Object)'> (0x00000000846ed320) 
thrown [s\open\src\hotspot\share\interpreter\linkResolver.cpp, line 774]
Event: 37.320 Thread 0x0000023c763fb3c0 Exception <a 'java/lang/IncompatibleClassChangeError'{0x00000000843970d0}: Found class java.lang.Object, but interface was expected> (0x00000000843970d0) 
thrown [s\open\src\hotspot\share\interpreter\linkResolver.cpp, line 841]
Event: 37.359 Thread 0x0000023c763fb3c0 Exception <a 'java/lang/NoSuchMethodError'{0x0000000084282430}: 'void java.lang.invoke.Invokers$Holder.invokeExact_MT(java.lang.Object, java.lang.Object, int, java.lang.Object)'> (0x0000000084282430) 
thrown [s\open\src\hotspot\share\interpreter\linkResolver.cpp, line 774]
Event: 37.523 Thread 0x0000023c763fb3c0 Exception <a 'java/lang/IncompatibleClassChangeError'{0x000000008978a4d8}: Found class java.lang.Object, but interface was expected> (0x000000008978a4d8) 
thrown [s\open\src\hotspot\share\interpreter\linkResolver.cpp, line 841]
Event: 37.531 Thread 0x0000023c763fb3c0 Implicit null exception at 0x0000023c5ff0916c to 0x0000023c5ff0921c
Event: 37.606 Thread 0x0000023c763fb3c0 Exception <a 'java/lang/NoSuchMethodError'{0x0000000086849f10}: 'long java.lang.invoke.DelegatingMethodHandle$Holder.reinvoke_L(java.lang.Object, java.lang.Object)'> (0x0000000086849f10) 
thrown [s\open\src\hotspot\share\interpreter\linkResolver.cpp, line 774]

VM Operations (20 events):
Event: 37.428 Executing VM operation: HandshakeAllThreads
Event: 37.428 Executing VM operation: HandshakeAllThreads done
Event: 37.442 Executing VM operation: HandshakeAllThreads
Event: 37.442 Executing VM operation: HandshakeAllThreads done
Event: 37.459 Executing VM operation: G1CollectForAllocation
Event: 37.463 Executing VM operation: G1CollectForAllocation done
Event: 37.491 Executing VM operation: G1CollectForAllocation
Event: 37.495 Executing VM operation: G1CollectForAllocation done
Event: 37.560 Executing VM operation: HandshakeAllThreads
Event: 37.560 Executing VM operation: HandshakeAllThreads done
Event: 38.567 Executing VM operation: Cleanup
Event: 38.567 Executing VM operation: Cleanup done
Event: 47.661 Executing VM operation: Cleanup
Event: 47.662 Executing VM operation: Cleanup done
Event: 54.727 Executing VM operation: Cleanup
Event: 54.727 Executing VM operation: Cleanup done
Event: 63.819 Executing VM operation: Cleanup
Event: 63.820 Executing VM operation: Cleanup done
Event: 68.864 Executing VM operation: Cleanup
Event: 68.865 Executing VM operation: Cleanup done

Events (20 events):
Event: 7.023 Thread 0x0000023c763fae70 Thread added: 0x0000023c763fae70
Event: 7.023 Thread 0x0000023c763fa3d0 Thread added: 0x0000023c763fa3d0
Event: 7.024 Thread 0x0000023c7685cf70 Thread added: 0x0000023c7685cf70
Event: 7.024 Thread 0x0000023c7685d4c0 Thread added: 0x0000023c7685d4c0
Event: 7.024 Thread 0x0000023c7685ef50 Thread added: 0x0000023c7685ef50
Event: 7.038 Thread 0x0000023c7685a4f0 Thread added: 0x0000023c7685a4f0
Event: 7.040 Thread 0x0000023c7685f9f0 Thread added: 0x0000023c7685f9f0
Event: 7.060 Thread 0x0000023c7386cdf0 Thread exited: 0x0000023c7386cdf0
Event: 7.062 Thread 0x0000023c73589590 Thread exited: 0x0000023c73589590
Event: 7.063 Thread 0x0000023c502fc8e0 Thread exited: 0x0000023c502fc8e0
Event: 7.064 Thread 0x0000023c7685af90 Thread added: 0x0000023c7685af90
Event: 7.998 Thread 0x0000023c6eb357a0 Thread exited: 0x0000023c6eb357a0
Event: 8.610 Thread 0x0000023c6eb34c80 Thread exited: 0x0000023c6eb34c80
Event: 9.735 Thread 0x0000023c763f8e90 Thread exited: 0x0000023c763f8e90
Event: 36.895 Thread 0x0000023c6eb346f0 Thread added: 0x0000023c6eb346f0
Event: 37.055 Thread 0x0000023c6eb34c80 Thread added: 0x0000023c6eb34c80
Event: 37.205 Thread 0x0000023c6eb34c80 Thread exited: 0x0000023c6eb34c80
Event: 39.471 Thread 0x0000023c6eb346f0 Thread exited: 0x0000023c6eb346f0
Event: 54.348 Thread 0x0000023c6eb362c0 Thread added: 0x0000023c6eb362c0
Event: 59.403 Thread 0x0000023c6eb362c0 Thread exited: 0x0000023c6eb362c0


Dynamic libraries:
0x00007ff793eb0000 - 0x00007ff793ec0000 	C:\Program Files\Java\jdk-19\bin\java.exe
0x00007ffb017d0000 - 0x00007ffb019c8000 	C:\WINDOWS\SYSTEM32\ntdll.dll
0x00007ffaff950000 - 0x00007ffaffa0f000 	C:\WINDOWS\System32\KERNEL32.DLL
0x00007ffafeee0000 - 0x00007ffaff1d6000 	C:\WINDOWS\System32\KERNELBASE.dll
0x00007ffaff1e0000 - 0x00007ffaff2e0000 	C:\WINDOWS\System32\ucrtbase.dll
0x00007ffaebb70000 - 0x00007ffaebb8b000 	C:\Program Files\Java\jdk-19\bin\VCRUNTIME140.dll
0x00007ffaebc20000 - 0x00007ffaebc38000 	C:\Program Files\Java\jdk-19\bin\jli.dll
0x00007ffb00130000 - 0x00007ffb001df000 	C:\WINDOWS\System32\ADVAPI32.dll
0x00007ffb00410000 - 0x00007ffb004ae000 	C:\WINDOWS\System32\msvcrt.dll
0x00007ffaff850000 - 0x00007ffaff8ec000 	C:\WINDOWS\System32\sechost.dll
0x00007ffb01080000 - 0x00007ffb011a6000 	C:\WINDOWS\System32\RPCRT4.dll
0x00007ffaffa10000 - 0x00007ffaffbad000 	C:\WINDOWS\System32\USER32.dll
0x00007ffaff5e0000 - 0x00007ffaff602000 	C:\WINDOWS\System32\win32u.dll
0x00007ffaeb210000 - 0x00007ffaeb4aa000 	C:\WINDOWS\WinSxS\amd64_microsoft.windows.common-controls_6595b64144ccf1df_6.0.19041.1110_none_60b5254171f9507e\COMCTL32.dll
0x00007ffb00900000 - 0x00007ffb0092c000 	C:\WINDOWS\System32\GDI32.dll
0x00007ffaff710000 - 0x00007ffaff825000 	C:\WINDOWS\System32\gdi32full.dll
0x00007ffaff2e0000 - 0x00007ffaff37d000 	C:\WINDOWS\System32\msvcp_win.dll
0x00007ffaf8ee0000 - 0x00007ffaf8eea000 	C:\WINDOWS\SYSTEM32\VERSION.dll
0x00007ffb00240000 - 0x00007ffb00270000 	C:\WINDOWS\System32\IMM32.DLL
0x00007ffaf7300000 - 0x00007ffaf730c000 	C:\Program Files\Java\jdk-19\bin\vcruntime140_1.dll
0x00007ffaca480000 - 0x00007ffaca50e000 	C:\Program Files\Java\jdk-19\bin\msvcp140.dll
0x00007ffab24a0000 - 0x00007ffab3160000 	C:\Program Files\Java\jdk-19\bin\server\jvm.dll
0x00007ffaeb030000 - 0x00007ffaeb057000 	C:\WINDOWS\SYSTEM32\WINMM.dll
0x00007ffaea260000 - 0x00007ffaea269000 	C:\WINDOWS\SYSTEM32\WSOCK32.dll
0x00007ffaffbb0000 - 0x00007ffaffc1b000 	C:\WINDOWS\System32\WS2_32.dll
0x00007ffafd6c0000 - 0x00007ffafd6d2000 	C:\WINDOWS\SYSTEM32\kernel.appcore.dll
0x00007ffaf6d20000 - 0x00007ffaf6d2a000 	C:\Program Files\Java\jdk-19\bin\jimage.dll
0x00007ffafcad0000 - 0x00007ffafccb4000 	C:\WINDOWS\SYSTEM32\DBGHELP.DLL
0x00007ffae9500000 - 0x00007ffae9534000 	C:\WINDOWS\SYSTEM32\dbgcore.DLL
0x00007ffaff680000 - 0x00007ffaff702000 	C:\WINDOWS\System32\bcryptPrimitives.dll
0x00007ffaf9790000 - 0x00007ffaf979e000 	C:\Program Files\Java\jdk-19\bin\instrument.dll
0x00007ffaea0a0000 - 0x00007ffaea0c6000 	C:\Program Files\Java\jdk-19\bin\java.dll
0x00007ffac9d00000 - 0x00007ffac9dd7000 	C:\Program Files\Java\jdk-19\bin\jsvml.dll
0x00007ffb00930000 - 0x00007ffb01074000 	C:\WINDOWS\System32\SHELL32.dll
0x00007ffafcf10000 - 0x00007ffafd6a3000 	C:\WINDOWS\SYSTEM32\windows.storage.dll
0x00007ffaffdc0000 - 0x00007ffb00114000 	C:\WINDOWS\System32\combase.dll
0x00007ffafe830000 - 0x00007ffafe85e000 	C:\WINDOWS\SYSTEM32\Wldp.dll
0x00007ffaffc90000 - 0x00007ffaffd3d000 	C:\WINDOWS\System32\SHCORE.dll
0x00007ffb00280000 - 0x00007ffb002d5000 	C:\WINDOWS\System32\shlwapi.dll
0x00007ffafedf0000 - 0x00007ffafee0f000 	C:\WINDOWS\SYSTEM32\profapi.dll
0x00007ffaec350000 - 0x00007ffaec368000 	C:\Program Files\Java\jdk-19\bin\zip.dll
0x00007ffaf6d90000 - 0x00007ffaf6da3000 	C:\Program Files\Java\jdk-19\bin\net.dll
0x00007ffaf7170000 - 0x00007ffaf727a000 	C:\WINDOWS\SYSTEM32\WINHTTP.dll
0x00007ffafe610000 - 0x00007ffafe67a000 	C:\WINDOWS\system32\mswsock.dll
0x00007ffaf3050000 - 0x00007ffaf3066000 	C:\Program Files\Java\jdk-19\bin\nio.dll
0x00007ffaf9230000 - 0x00007ffaf924a000 	C:\Program Files\JetBrains\IntelliJ IDEA Community Edition 2023.1.1\bin\breakgen64.dll
0x00007ffaf9120000 - 0x00007ffaf9128000 	C:\Program Files\Java\jdk-19\bin\extnet.dll
0x00007ffafa2b0000 - 0x00007ffafa2ba000 	C:\Program Files\Java\jdk-19\bin\management.dll
0x00007ffaf9a00000 - 0x00007ffaf9a0b000 	C:\Program Files\Java\jdk-19\bin\management_ext.dll
0x00007ffaffc20000 - 0x00007ffaffc28000 	C:\WINDOWS\System32\PSAPI.DLL
0x00007ffaf6550000 - 0x00007ffaf6560000 	C:\Program Files\Java\jdk-19\bin\verify.dll
0x00007ffafe870000 - 0x00007ffafe888000 	C:\WINDOWS\SYSTEM32\CRYPTSP.dll
0x00007ffafdee0000 - 0x00007ffafdf14000 	C:\WINDOWS\system32\rsaenh.dll
0x00007ffafeeb0000 - 0x00007ffafeed7000 	C:\WINDOWS\System32\bcrypt.dll
0x00007ffafed70000 - 0x00007ffafed9e000 	C:\WINDOWS\SYSTEM32\USERENV.dll
0x00007ffafe7a0000 - 0x00007ffafe7ac000 	C:\WINDOWS\SYSTEM32\CRYPTBASE.dll
0x00007ffafe2d0000 - 0x00007ffafe30c000 	C:\WINDOWS\SYSTEM32\IPHLPAPI.DLL
0x00007ffb00120000 - 0x00007ffb00128000 	C:\WINDOWS\System32\NSI.dll
0x00007ffaf8550000 - 0x00007ffaf8567000 	C:\WINDOWS\SYSTEM32\dhcpcsvc6.DLL
0x00007ffaf8530000 - 0x00007ffaf854d000 	C:\WINDOWS\SYSTEM32\dhcpcsvc.DLL
0x00007ffafe310000 - 0x00007ffafe3db000 	C:\WINDOWS\SYSTEM32\DNSAPI.dll
0x00007ffaf99f0000 - 0x00007ffaf99fe000 	C:\Program Files\Java\jdk-19\bin\sunmscapi.dll
0x00007ffaff480000 - 0x00007ffaff5de000 	C:\WINDOWS\System32\CRYPT32.dll
0x00007ffafe980000 - 0x00007ffafe9a8000 	C:\WINDOWS\SYSTEM32\ncrypt.dll
0x00007ffafe940000 - 0x00007ffafe97b000 	C:\WINDOWS\SYSTEM32\NTASN1.dll
0x00007ffaf2a80000 - 0x00007ffaf2a8a000 	C:\Windows\System32\rasadhlp.dll
0x00007ffaf6180000 - 0x00007ffaf6202000 	C:\WINDOWS\System32\fwpuclnt.dll
0x00007ffaf9760000 - 0x00007ffaf9767000 	C:\WINDOWS\system32\wshunix.dll

dbghelp: loaded successfully - version: 4.0.5 - missing functions: none
symbol engine: initialized successfully - sym options: 0x614 - pdb path: .;C:\Program Files\Java\jdk-19\bin;C:\WINDOWS\SYSTEM32;C:\WINDOWS\WinSxS\amd64_microsoft.windows.common-controls_6595b64144ccf1df_6.0.19041.1110_none_60b5254171f9507e;C:\Program Files\Java\jdk-19\bin\server;C:\Program Files\JetBrains\IntelliJ IDEA Community Edition 2023.1.1\bin

VM Arguments:
jvm_args: -javaagent:C:\Program Files\JetBrains\IntelliJ IDEA Community Edition 2023.1.1\lib\idea_rt.jar=64917:C:\Program Files\JetBrains\IntelliJ IDEA Community Edition 2023.1.1\bin -Dfile.encoding=UTF-8 -Dsun.stdout.encoding=UTF-8 -Dsun.stderr.encoding=UTF-8 
java_command: com.project.springboot.cruddemo.CruddemoApplication
java_class_path (initial): D:\Course\project\3-CRUD-SpringDataRest\spring-boot-rest-crud-employee\target\classes;C:\Users\Mohamed Omara\.m2\repository\org\springframework\boot\spring-boot-starter-data-rest\3.0.6\spring-boot-starter-data-rest-3.0.6.jar;C:\Users\Mohamed Omara\.m2\repository\org\springframework\data\spring-data-rest-webmvc\4.0.5\spring-data-rest-webmvc-4.0.5.jar;C:\Users\Mohamed Omara\.m2\repository\org\springframework\data\spring-data-rest-core\4.0.5\spring-data-rest-core-4.0.5.jar;C:\Users\Mohamed Omara\.m2\repository\org\springframework\hateoas\spring-hateoas\2.0.3\spring-hateoas-2.0.3.jar;C:\Users\Mohamed Omara\.m2\repository\org\springframework\plugin\spring-plugin-core\3.0.0\spring-plugin-core-3.0.0.jar;C:\Users\Mohamed Omara\.m2\repository\org\atteo\evo-inflector\1.3\evo-inflector-1.3.jar;C:\Users\Mohamed Omara\.m2\repository\com\fasterxml\jackson\core\jackson-databind\2.14.2\jackson-databind-2.14.2.jar;C:\Users\Mohamed Omara\.m2\repository\com\fasterxml\jackson\core\jackson-core\2.14.2\jackson-core-2.14.2.jar;C:\Users\Mohamed Omara\.m2\repository\com\fasterxml\jackson\core\jackson-annotations\2.14.2\jackson-annotations-2.14.2.jar;C:\Users\Mohamed Omara\.m2\repository\org\slf4j\slf4j-api\2.0.7\slf4j-api-2.0.7.jar;C:\Users\Mohamed Omara\.m2\repository\org\springframework\boot\spring-boot-starter-data-jpa\3.0.6\spring-boot-starter-data-jpa-3.0.6.jar;C:\Users\Mohamed Omara\.m2\repository\org\springframework\boot\spring-boot-starter-aop\3.0.6\spring-boot-starter-aop-3.0.6.jar;C:\Users\Mohamed Omara\.m2\repository\org\springframework\spring-aop\6.0.8\spring-aop-6.0.8.jar;C:\Users\Mohamed Omara\.m2\repository\org\aspectj\aspectjweaver\1.9.19\aspectjweaver-1.9.19.jar;C:\Users\Mohamed Omara\.m2\repository\org\springframework\boot\spring-boot-starter-jdbc\3.0.6\spring-boot-starter-jdbc-3.0.6.jar;C:\Users\Mohamed Omara\.m2\repository\com\zaxxer\HikariCP\5.0.1\HikariCP-5.0.1.jar;C:\Users\Mohamed Omara\.m2\repository\org\springframework\spring-jdbc\6.0.8\spring-jdbc-6.0.8.jar;C:\Users\Mohamed Omara\.m2\repository\org\hibernate\orm\hibernate-core\6.1.7.Final\hibernate-core-6.1.7.Final.jar;C:\Users\Mohamed Omara\.m2\repository\jakarta\persistence\jakarta.persistence-api\3.1.0\jakarta.persistence-api-3.1.0.jar;C:\Users\Mohamed Omara\.m2\repository\jakarta\transaction\jakarta.transaction-api\2.0.1\jakarta.transaction-api-2.0.1.jar;C:\Users\Mohamed Omara\.m2\repository\org\jboss\logging\jboss-logging\3.5.0.Final\jboss-logging-3.5.0.Final.jar;C:\Users\Mohamed Omara\.m2\repository\org\hibernate\common\hibernate-commons-annotations\6.0.6.Final\hibernate-commons-annotations-6.0.6.Final.jar;C:\Users\Mohamed Omara\.m2\repository\org\jboss\jandex\2.4.2.Final\jandex-2.4.2.Final.jar;C:\Users\Mohamed Omara\.m2\repository\com\fasterxml\classmate\1.5.1\classmate-1.5.1.jar;C:\Users\Mohamed Omara\.m2\repository\net\bytebuddy\byte-buddy\1.12.23\byte-buddy-1.12.23.jar;C:\Users\Mohamed Omara\.m2\repository\org\glassfish\jaxb\jaxb-runtime\4.0.2\jaxb-runtime-4.0.2.jar;C:\Users\Mohamed Omara\.m2\repository\org\glassfish\jaxb\jaxb-core\4.0.2\jaxb-core-4.0.2.jar;C:\Users\Mohamed Omara\.m2\repository\org\eclipse\angus\angus-activation\2.0.0\angus-activation-2.0.0.jar;C:\Users\Mohamed Omara\.m2\repository\org\glassfish\jaxb\txw2\4.0.2\txw2-4.0.2.jar;C:\Users\Mohamed Omara\.m2\repository\com\sun\istack\istack-commons-runtime\4.1.1\istack-commons-runtime-4.1.1.jar;C:\Users\Mohamed Omara\.m2\repository\jakarta\inject\jakarta.inject-api\2.0.0\jakarta.inject-api-2.0.0.jar;C:\Users\Mohamed Omara\.m2\repository\org\antlr\antlr4-runtime\4.10.1\antlr4-runtime-4.10.1.jar;C:\Users\Mohamed Omara\.m2\repository\org\springframework\data\spring-data-jpa\3.0.5\spring-data-jpa-3.0.5.jar;C:\Users\Mohamed Omara\.m2\repository\org\springframework\data\spring-data-commons\3.0.5\spring-data-commons-3.0.5.jar;C:\Users\Mohamed Omara\.m2\repository\org\springframework\spring-orm\6.0.8\spring-orm-6.0.8.jar;C:\Users\Mohamed Omara\.m2\repository\org\springframework\spring-context\6.0.8\spring-context-6.0.8.jar;C:\Users\Mohamed Omara\.m2\repository\org\springframework\spring-tx\6.0.8\spring-tx-6.0.8.jar;C:\Users\Mohamed Omara\.m2\repository\org\springframework\spring-beans\6.0.8\spring-beans-6.0.8.jar;C:\Users\Mohamed Omara\.m2\repository\jakarta\annotation\jakarta.annotation-api\2.1.1\jakarta.annotation-api-2.1.1.jar;C:\Users\Mohamed Omara\.m2\repository\org\springframework\spring-aspects\6.0.8\spring-aspects-6.0.8.jar;C:\Users\Mohamed Omara\.m2\repository\org\springframework\boot\spring-boot-starter-web\3.0.6\spring-boot-starter-web-3.0.6.jar;C:\Users\Mohamed Omara\.m2\repository\org\springframework\boot\spring-boot-starter\3.0.6\spring-boot-starter-3.0.6.jar;C:\Users\Mohamed Omara\.m2\repository\org\springframework\boot\spring-boot-starter-logging\3.0.6\spring-boot-starter-logging-3.0.6.jar;C:\Users\Mohamed Omara\.m2\repository\ch\qos\logback\logback-classic\1.4.7\logback-classic-1.4.7.jar;C:\Users\Mohamed Omara\.m2\repository\ch\qos\logback\logback-core\1.4.7\logback-core-1.4.7.jar;C:\Users\Mohamed Omara\.m2\repository\org\apache\logging\log4j\log4j-to-slf4j\2.19.0\log4j-to-slf4j-2.19.0.jar;C:\Users\Mohamed Omara\.m2\repository\org\apache\logging\log4j\log4j-api\2.19.0\log4j-api-2.19.0.jar;C:\Users\Mohamed Omara\.m2\repository\org\slf4j\jul-to-slf4j\2.0.7\jul-to-slf4j-2.0.7.jar;C:\Users\Mohamed Omara\.m2\repository\org\yaml\snakeyaml\1.33\snakeyaml-1.33.jar;C:\Users\Mohamed Omara\.m2\repository\org\springframework\boot\spring-boot-starter-json\3.0.6\spring-boot-starter-json-3.0.6.jar;C:\Users\Mohamed Omara\.m2\repository\com\fasterxml\jackson\datatype\jackson-datatype-jdk8\2.14.2\jackson-datatype-jdk8-2.14.2.jar;C:\Users\Mohamed Omara\.m2\repository\com\fasterxml\jackson\datatype\jackson-datatype-jsr310\2.14.2\jackson-datatype-jsr310-2.14.2.jar;C:\Users\Mohamed Omara\.m2\repository\com\fasterxml\jackson\module\jackson-module-parameter-names\2.14.2\jackson-module-parameter-names-2.14.2.jar;C:\Users\Mohamed Omara\.m2\repository\org\springframework\boot\spring-boot-starter-tomcat\3.0.6\spring-boot-starter-tomcat-3.0.6.jar;C:\Users\Mohamed Omara\.m2\repository\org\apache\tomcat\embed\tomcat-embed-core\10.1.8\tomcat-embed-core-10.1.8.jar;C:\Users\Mohamed Omara\.m2\repository\org\apache\tomcat\embed\tomcat-embed-el\10.1.8\tomcat-embed-el-10.1.8.jar;C:\Users\Mohamed Omara\.m2\repository\org\apache\tomcat\embed\tomcat-embed-websocket\10.1.8\tomcat-embed-websocket-10.1.8.jar;C:\Users\Mohamed Omara\.m2\repository\org\springframework\spring-web\6.0.8\spring-web-6.0.8.jar;C:\Users\Mohamed Omara\.m2\repository\io\micrometer\micrometer-observation\1.10.6\micrometer-observation-1.10.6.jar;C:\Users\Mohamed Omara\.m2\repository\io\micrometer\micrometer-commons\1.10.6\micrometer-commons-1.10.6.jar;C:\Users\Mohamed Omara\.m2\repository\org\springframework\spring-webmvc\6.0.8\spring-webmvc-6.0.8.jar;C:\Users\Mohamed Omara\.m2\repository\org\springframework\spring-expression\6.0.8\spring-expression-6.0.8.jar;C:\Users\Mohamed Omara\.m2\repository\org\springframework\boot\spring-boot-devtools\3.0.6\spring-boot-devtools-3.0.6.jar;C:\Users\Mohamed Omara\.m2\repository\org\springframework\boot\spring-boot\3.0.6\spring-boot-3.0.6.jar;C:\Users\Mohamed Omara\.m2\repository\org\springframework\boot\spring-boot-autoconfigure\3.0.6\spring-boot-autoconfigure-3.0.6.jar;C:\Users\Mohamed Omara\.m2\repository\com\mysql\mysql-connector-j\8.0.33\mysql-connector-j-8.0.33.jar;C:\Users\Mohamed Omara\.m2\repository\com\jayway\jsonpath\json-path\2.7.0\json-path-2.7.0.jar;C:\Users\Mohamed Omara\.m2\repository\net\minidev\json-smart\2.4.10\json-smart-2.4.10.jar;C:\Users\Mohamed Omara\.m2\repository\net\minidev\accessors-smart\2.4.9\accessors-smart-2.4.9.jar;C:\Users\Mohamed Omara\.m2\repository\org\ow2\asm\asm\9.3\asm-9.3.jar;C:\Users\Mohamed Omara\.m2\repository\jakarta\xml\bind\jakarta.xml.bind-api\4.0.0\jakarta.xml.bind-api-4.0.0.jar;C:\Users\Mohamed Omara\.m2\repository\jakarta\activation\jakarta.activation-api\2.1.1\jakarta.activation-api-2.1.1.jar;C:\Users\Mohamed Omara\.m2\repository\org\springframework\spring-core\6.0.8\spring-core-6.0.8.jar;C:\Users\Mohamed Omara\.m2\repository\org\springframework\spring-jcl\6.0.8\spring-jcl-6.0.8.jar
Launcher Type: SUN_STANDARD

[Global flags]
     intx CICompilerCount                          = 4                                         {product} {ergonomic}
     uint ConcGCThreads                            = 2                                         {product} {ergonomic}
     uint G1ConcRefinementThreads                  = 8                                         {product} {ergonomic}
   size_t G1HeapRegionSize                         = 1048576                                   {product} {ergonomic}
    uintx GCDrainStackTargetSize                   = 64                                        {product} {ergonomic}
   size_t InitialHeapSize                          = 134217728                                 {product} {ergonomic}
   size_t MarkStackSize                            = 4194304                                   {product} {ergonomic}
   size_t MaxHeapSize                              = 2122317824                                {product} {ergonomic}
   size_t MaxNewSize                               = 1272971264                                {product} {ergonomic}
   size_t MinHeapDeltaBytes                        = 1048576                                   {product} {ergonomic}
   size_t MinHeapSize                              = 8388608                                   {product} {ergonomic}
    uintx NonNMethodCodeHeapSize                   = 5839372                                {pd product} {ergonomic}
    uintx NonProfiledCodeHeapSize                  = 122909434                              {pd product} {ergonomic}
    uintx ProfiledCodeHeapSize                     = 122909434                              {pd product} {ergonomic}
    uintx ReservedCodeCacheSize                    = 251658240                              {pd product} {ergonomic}
     bool SegmentedCodeCache                       = true                                      {product} {ergonomic}
   size_t SoftMaxHeapSize                          = 2122317824                             {manageable} {ergonomic}
     bool UseCompressedClassPointers               = true                           {product lp64_product} {ergonomic}
     bool UseCompressedOops                        = true                           {product lp64_product} {ergonomic}
     bool UseG1GC                                  = true                                      {product} {ergonomic}
     bool UseLargePagesIndividualAllocation        = false                                  {pd product} {ergonomic}

Logging:
Log output configuration:
 #0: stdout all=warning uptime,level,tags foldmultilines=false
 #1: stderr all=off uptime,level,tags foldmultilines=false

Environment Variables:
JAVA_HOME=C:\Program Files\Java\jdk-17
PATH=D:\dbOracle\db_home\bin;C:\Program Files\Common Files\Oracle\Java\javapath;C:\WINDOWS\system32;C:\WINDOWS;C:\WINDOWS\System32\Wbem;C:\WINDOWS\System32\WindowsPowerShell\v1.0\;C:\WINDOWS\System32\OpenSSH\;C:\Program Files (x86)\Brackets\command;C:\Program Files\Git\cmd;C:\Program Files\nodejs\;E:\FCI\4rd term 2 CS\apache-maven-3.8.5\bin;C:\ProgramData\DockerDesktop\version-bin;C:\Program Files\dotnet\;C:\Program Files\MongoDB\Server\6.0\bin;C:\Program Files\Java\jdk-17\bin;C:\Program Files (x86)\Microsoft SQL Server\160\Tools\Binn\;C:\Program Files\Microsoft SQL Server\160\Tools\Binn\;C:\Program Files\Microsoft SQL Server\Client SDK\ODBC\170\Tools\Binn\;C:\Program Files\Microsoft SQL Server\160\DTS\Binn\;C:\Program Files (x86)\Microsoft SQL Server\160\DTS\Binn\;C:\Program Files\Azure Data Studio\bin;C:\Program Files\apache-maven-3.9.1\bin;C:\Program Files\MySQL\MySQL Shell 8.0\bin\;C:\Program Files\Common Files\Oracle\Java\javapath;C:\Program Files (x86)\Common Files\Oracle\Java\javapath;C:\WINDOWS\system32;C:\WINDOWS;C:\WINDOWS\System32\Wbem;C:\WINDOWS\System32\WindowsPowerShell\v1.0\;C:\WINDOWS\System32\OpenSSH\;C:\Program Files (x86)\Brackets\command;C:\Program Files\Docker\Docker\resources\bin;C:\ProgramData\DockerDesktop\version-bin;C:\Program Files\Git\cmd;C:\Program Files\nodejs\;E:\FCI\4rd term 2 CS\apache-maven-3.8.5\bin;C:\Program Files\Java\jdk-17\bin;C:\Users\Mohamed Omara\AppData\Local\Microsoft\WindowsApps;C:\Users\Mohamed Omara\AppData\Roaming\npm;C:\Users\Mohamed Omara\AppData\Local\Programs\Microsoft VS Code\bin;C:\Program Files\heroku\bin;C:\Python39\Scripts;C:\Users\Mohamed Omara\.dotnet\tools;C:\Users\Mohamed Omara\AppData\Local\Programs\mongosh\;C:\Users\Mohamed Omara\AppData\Local\Microsoft\WindowsApps;;C:\Program Files\Azure Data Studio\bin;C:\Program Files\JetBrains\IntelliJ IDEA Community Edition 2023.1.1\bin;
USERNAME=Mohamed Omara
OS=Windows_NT
PROCESSOR_IDENTIFIER=Intel64 Family 6 Model 142 Stepping 10, GenuineIntel
TMP=C:\Users\MOHAME~1\AppData\Local\Temp
TEMP=C:\Users\MOHAME~1\AppData\Local\Temp



---------------  S Y S T E M  ---------------

OS:
 Windows 10 , 64 bit Build 19041 (10.0.19041.2913)
OS uptime: 1 days 9:59 hours
Hyper-V role detected

CPU: total 8 (initial active 8) (4 cores per cpu, 2 threads per core) family 6 model 142 stepping 10 microcode 0xf0, cx8, cmov, fxsr, ht, mmx, 3dnowpref, sse, sse2, sse3, ssse3, sse4.1, sse4.2, popcnt, lzcnt, tsc, tscinvbit, avx, avx2, aes, erms, clmul, bmi1, bmi2, adx, fma, vzeroupper, clflush, clflushopt, hv, rdtscp

Memory: 4k page, system-wide physical 8089M (768M free)
TotalPageFile size 10137M (AvailPageFile size 2M)
current process WorkingSet (physical memory assigned to process): 230M, peak: 299M
current process commit charge ("private bytes"): 268M, peak: 339M

vm_info: Java HotSpot(TM) 64-Bit Server VM (19.0.1+10-21) for windows-amd64 JRE (19.0.1+10-21), built on 2022-09-14T12:45:06Z by "mach5one" with MS VC++ 17.1 (VS2022)

END.
